[2020-11-04 15:27:01 +0700] [31487] [INFO] Starting gunicorn 20.0.4
[2020-11-04 15:27:01 +0700] [31487] [INFO] Listening at: http://0.0.0.0:4852 (31487)
[2020-11-04 15:27:01 +0700] [31487] [INFO] Using worker: meinheld.gmeinheld.MeinheldWorker
[2020-11-04 15:27:01 +0700] [31490] [INFO] Booting worker with pid: 31490
[2020-11-04 15:27:01 +0700] [31491] [INFO] Booting worker with pid: 31491
[2020-11-09 22:14:47 +0700] [31487] [INFO] Handling signal: term
[2020-11-09 22:14:47 +0700] [31490] [INFO] Worker exiting (pid: 31490)
[2020-11-09 22:14:47 +0700] [31491] [INFO] Worker exiting (pid: 31491)
[2020-11-09 22:14:48 +0700] [31487] [INFO] Shutting down: Master
[2020-11-09 22:14:48 +0700] [19728] [INFO] Starting gunicorn 20.0.4
[2020-11-09 22:14:48 +0700] [19728] [INFO] Listening at: http://0.0.0.0:4852 (19728)
[2020-11-09 22:14:48 +0700] [19728] [INFO] Using worker: meinheld.gmeinheld.MeinheldWorker
[2020-11-09 22:14:48 +0700] [19731] [INFO] Booting worker with pid: 19731
[2020-11-09 22:14:48 +0700] [19732] [INFO] Booting worker with pid: 19732
[2020-11-27 13:55:48 +0700] [19728] [INFO] Handling signal: term
[2020-11-27 13:55:48 +0700] [19731] [INFO] Worker exiting (pid: 19731)
[2020-11-27 13:55:48 +0700] [19732] [INFO] Worker exiting (pid: 19732)
[2020-11-27 13:55:48 +0700] [19728] [INFO] Shutting down: Master
[2020-11-27 13:55:48 +0700] [494] [INFO] Starting gunicorn 20.0.4
[2020-11-27 13:55:48 +0700] [494] [INFO] Listening at: http://0.0.0.0:4852 (494)
[2020-11-27 13:55:48 +0700] [494] [INFO] Using worker: meinheld.gmeinheld.MeinheldWorker
[2020-11-27 13:55:48 +0700] [497] [INFO] Booting worker with pid: 497
[2020-11-27 13:55:48 +0700] [498] [INFO] Booting worker with pid: 498
[2020-11-27 13:59:10 +0700] [494] [INFO] Handling signal: term
[2020-11-27 13:59:10 +0700] [497] [INFO] Worker exiting (pid: 497)
[2020-11-27 13:59:10 +0700] [498] [INFO] Worker exiting (pid: 498)
[2020-11-27 13:59:10 +0700] [494] [INFO] Shutting down: Master
[2020-11-27 13:59:10 +0700] [737] [INFO] Starting gunicorn 20.0.4
[2020-11-27 13:59:10 +0700] [737] [INFO] Listening at: http://0.0.0.0:4852 (737)
[2020-11-27 13:59:10 +0700] [737] [INFO] Using worker: meinheld.gmeinheld.MeinheldWorker
[2020-11-27 13:59:10 +0700] [740] [INFO] Booting worker with pid: 740
[2020-11-27 13:59:11 +0700] [741] [INFO] Booting worker with pid: 741
[2020-11-27 14:06:43 +0700] [737] [INFO] Handling signal: term
[2020-11-27 14:06:43 +0700] [740] [INFO] Worker exiting (pid: 740)
[2020-11-27 14:06:43 +0700] [741] [INFO] Worker exiting (pid: 741)
[2020-11-27 14:06:44 +0700] [737] [INFO] Shutting down: Master
[2020-11-27 14:06:44 +0700] [1109] [INFO] Starting gunicorn 20.0.4
[2020-11-27 14:06:44 +0700] [1109] [INFO] Listening at: http://0.0.0.0:4852 (1109)
[2020-11-27 14:06:44 +0700] [1109] [INFO] Using worker: meinheld.gmeinheld.MeinheldWorker
[2020-11-27 14:06:44 +0700] [1112] [INFO] Booting worker with pid: 1112
[2020-11-27 14:06:44 +0700] [1113] [INFO] Booting worker with pid: 1113
[2020-11-27 15:32:22 +0700] [1109] [INFO] Handling signal: term
[2020-11-27 15:32:22 +0700] [1113] [INFO] Worker exiting (pid: 1113)
[2020-11-27 15:32:22 +0700] [1112] [INFO] Worker exiting (pid: 1112)
[2020-11-27 15:32:22 +0700] [1109] [INFO] Shutting down: Master
[2020-11-27 15:32:23 +0700] [3070] [INFO] Starting gunicorn 20.0.4
[2020-11-27 15:32:23 +0700] [3070] [INFO] Listening at: http://0.0.0.0:4852 (3070)
[2020-11-27 15:32:23 +0700] [3070] [INFO] Using worker: meinheld.gmeinheld.MeinheldWorker
[2020-11-27 15:32:23 +0700] [3073] [INFO] Booting worker with pid: 3073
[2020-11-27 15:32:23 +0700] [3074] [INFO] Booting worker with pid: 3074
[2020-12-15 16:03:22 +0700] [3070] [INFO] Handling signal: term
[2020-12-15 16:03:22 +0700] [3074] [INFO] Worker exiting (pid: 3074)
[2020-12-15 16:03:22 +0700] [3073] [INFO] Worker exiting (pid: 3073)
[2020-12-15 16:03:23 +0700] [3070] [INFO] Shutting down: Master
[2020-12-15 16:03:23 +0700] [9234] [INFO] Starting gunicorn 20.0.4
[2020-12-15 16:03:23 +0700] [9234] [INFO] Listening at: http://0.0.0.0:4852 (9234)
[2020-12-15 16:03:23 +0700] [9234] [INFO] Using worker: meinheld.gmeinheld.MeinheldWorker
[2020-12-15 16:03:23 +0700] [9237] [INFO] Booting worker with pid: 9237
[2020-12-15 16:03:23 +0700] [9238] [INFO] Booting worker with pid: 9238
[2020-12-15 16:05:50 +0700] [9234] [INFO] Handling signal: term
[2020-12-15 16:05:50 +0700] [9237] [INFO] Worker exiting (pid: 9237)
[2020-12-15 16:05:50 +0700] [9238] [INFO] Worker exiting (pid: 9238)
[2020-12-15 16:05:51 +0700] [9234] [INFO] Shutting down: Master
[2020-12-15 16:05:51 +0700] [9296] [INFO] Starting gunicorn 20.0.4
[2020-12-15 16:05:51 +0700] [9296] [INFO] Listening at: http://0.0.0.0:4852 (9296)
[2020-12-15 16:05:51 +0700] [9296] [INFO] Using worker: meinheld.gmeinheld.MeinheldWorker
[2020-12-15 16:05:51 +0700] [9299] [INFO] Booting worker with pid: 9299
[2020-12-15 16:05:51 +0700] [9300] [INFO] Booting worker with pid: 9300
[2021-01-12 12:50:46 +0700] [9296] [INFO] Handling signal: term
[2021-01-12 12:50:46 +0700] [9299] [INFO] Worker exiting (pid: 9299)
[2021-01-12 12:50:46 +0700] [9300] [INFO] Worker exiting (pid: 9300)
[2021-01-12 12:50:46 +0700] [9296] [INFO] Shutting down: Master
[2021-01-12 12:50:47 +0700] [20219] [INFO] Starting gunicorn 20.0.4
[2021-01-12 12:50:47 +0700] [20219] [INFO] Listening at: http://0.0.0.0:4852 (20219)
[2021-01-12 12:50:47 +0700] [20219] [INFO] Using worker: meinheld.gmeinheld.MeinheldWorker
[2021-01-12 12:50:47 +0700] [20222] [INFO] Booting worker with pid: 20222
[2021-01-12 12:50:47 +0700] [20223] [INFO] Booting worker with pid: 20223
[2021-02-10 16:41:58 +0700] [20219] [INFO] Handling signal: term
[2021-02-10 16:41:58 +0700] [20223] [INFO] Worker exiting (pid: 20223)
[2021-02-10 16:41:58 +0700] [20222] [INFO] Worker exiting (pid: 20222)
[2021-02-10 16:41:58 +0700] [20219] [INFO] Shutting down: Master
[2021-02-10 16:41:59 +0700] [19301] [INFO] Starting gunicorn 20.0.4
[2021-02-10 16:41:59 +0700] [19301] [INFO] Listening at: http://0.0.0.0:4852 (19301)
[2021-02-10 16:41:59 +0700] [19301] [INFO] Using worker: meinheld.gmeinheld.MeinheldWorker
[2021-02-10 16:41:59 +0700] [19304] [INFO] Booting worker with pid: 19304
[2021-02-10 16:41:59 +0700] [19305] [INFO] Booting worker with pid: 19305
[2021-02-11 13:09:39 +0700] [19301] [INFO] Handling signal: term
[2021-02-11 13:09:39 +0700] [19304] [INFO] Worker exiting (pid: 19304)
[2021-02-11 13:09:39 +0700] [19305] [INFO] Worker exiting (pid: 19305)
[2021-02-11 13:09:39 +0700] [19301] [INFO] Shutting down: Master
[2021-02-11 13:09:40 +0700] [3399] [INFO] Starting gunicorn 20.0.4
[2021-02-11 13:09:40 +0700] [3399] [INFO] Listening at: http://0.0.0.0:4852 (3399)
[2021-02-11 13:09:40 +0700] [3399] [INFO] Using worker: meinheld.gmeinheld.MeinheldWorker
[2021-02-11 13:09:40 +0700] [3402] [INFO] Booting worker with pid: 3402
[2021-02-11 13:09:40 +0700] [3403] [INFO] Booting worker with pid: 3403
[2021-02-15 09:54:25 +0700] [3399] [INFO] Handling signal: term
[2021-02-15 09:54:25 +0700] [3402] [INFO] Worker exiting (pid: 3402)
[2021-02-15 09:54:25 +0700] [3403] [INFO] Worker exiting (pid: 3403)
[2021-02-15 09:54:25 +0700] [3399] [INFO] Shutting down: Master
[2021-02-15 09:54:26 +0700] [30820] [INFO] Starting gunicorn 20.0.4
[2021-02-15 09:54:26 +0700] [30820] [INFO] Listening at: http://0.0.0.0:4852 (30820)
[2021-02-15 09:54:26 +0700] [30820] [INFO] Using worker: meinheld.gmeinheld.MeinheldWorker
[2021-02-15 09:54:26 +0700] [30823] [INFO] Booting worker with pid: 30823
[2021-02-15 09:54:26 +0700] [30824] [INFO] Booting worker with pid: 30824
[2021-02-16 20:59:49 +0700] [30820] [INFO] Handling signal: term
[2021-02-16 20:59:49 +0700] [30823] [INFO] Worker exiting (pid: 30823)
[2021-02-16 20:59:49 +0700] [30824] [INFO] Worker exiting (pid: 30824)
[2021-02-16 20:59:49 +0700] [30820] [INFO] Shutting down: Master
[2021-02-16 20:59:49 +0700] [32756] [INFO] Starting gunicorn 20.0.4
[2021-02-16 20:59:49 +0700] [32756] [INFO] Listening at: http://0.0.0.0:4852 (32756)
[2021-02-16 20:59:49 +0700] [32756] [INFO] Using worker: meinheld.gmeinheld.MeinheldWorker
[2021-02-16 20:59:49 +0700] [32759] [INFO] Booting worker with pid: 32759
[2021-02-16 20:59:50 +0700] [32760] [INFO] Booting worker with pid: 32760
[2021-02-16 21:02:07 +0700] [32756] [INFO] Handling signal: term
[2021-02-16 21:02:07 +0700] [32760] [INFO] Worker exiting (pid: 32760)
[2021-02-16 21:02:07 +0700] [32759] [INFO] Worker exiting (pid: 32759)
[2021-02-16 21:02:08 +0700] [32756] [INFO] Shutting down: Master
[2021-02-16 21:02:08 +0700] [416] [INFO] Starting gunicorn 20.0.4
[2021-02-16 21:02:08 +0700] [416] [INFO] Listening at: http://0.0.0.0:4852 (416)
[2021-02-16 21:02:08 +0700] [416] [INFO] Using worker: meinheld.gmeinheld.MeinheldWorker
[2021-02-16 21:02:08 +0700] [419] [INFO] Booting worker with pid: 419
[2021-02-16 21:02:08 +0700] [420] [INFO] Booting worker with pid: 420
[2021-02-16 21:02:57 +0700] [416] [INFO] Handling signal: term
[2021-02-16 21:02:57 +0700] [420] [INFO] Worker exiting (pid: 420)
[2021-02-16 21:02:57 +0700] [419] [INFO] Worker exiting (pid: 419)
[2021-02-16 21:02:58 +0700] [416] [INFO] Shutting down: Master
[2021-02-16 21:02:58 +0700] [432] [INFO] Starting gunicorn 20.0.4
[2021-02-16 21:02:58 +0700] [432] [INFO] Listening at: http://0.0.0.0:4852 (432)
[2021-02-16 21:02:58 +0700] [432] [INFO] Using worker: meinheld.gmeinheld.MeinheldWorker
[2021-02-16 21:02:58 +0700] [435] [INFO] Booting worker with pid: 435
[2021-02-16 21:02:58 +0700] [436] [INFO] Booting worker with pid: 436
[2021-02-17 16:49:20 +0700] [432] [INFO] Handling signal: term
[2021-02-17 16:49:20 +0700] [435] [INFO] Worker exiting (pid: 435)
[2021-02-17 16:49:20 +0700] [436] [INFO] Worker exiting (pid: 436)
[2021-02-17 16:49:20 +0700] [432] [INFO] Shutting down: Master
[2021-02-17 16:49:21 +0700] [20553] [INFO] Starting gunicorn 20.0.4
[2021-02-17 16:49:21 +0700] [20553] [INFO] Listening at: http://0.0.0.0:4852 (20553)
[2021-02-17 16:49:21 +0700] [20553] [INFO] Using worker: meinheld.gmeinheld.MeinheldWorker
[2021-02-17 16:49:21 +0700] [20556] [INFO] Booting worker with pid: 20556
[2021-02-17 16:49:21 +0700] [20557] [INFO] Booting worker with pid: 20557
[2021-02-25 06:37:33 +0700] [20553] [INFO] Handling signal: term
[2021-02-25 06:37:33 +0700] [20556] [INFO] Worker exiting (pid: 20556)
[2021-02-25 06:37:33 +0700] [20557] [INFO] Worker exiting (pid: 20557)
[2021-02-25 06:37:34 +0700] [20553] [INFO] Shutting down: Master
[2021-02-25 06:37:34 +0700] [25997] [INFO] Starting gunicorn 20.0.4
[2021-02-25 06:37:34 +0700] [25997] [INFO] Listening at: http://0.0.0.0:4852 (25997)
[2021-02-25 06:37:34 +0700] [25997] [INFO] Using worker: meinheld.gmeinheld.MeinheldWorker
[2021-02-25 06:37:34 +0700] [26000] [INFO] Booting worker with pid: 26000
[2021-02-25 06:37:34 +0700] [26001] [INFO] Booting worker with pid: 26001
[2021-03-02 14:05:01 +0700] [25997] [INFO] Handling signal: term
[2021-03-02 14:05:01 +0700] [26000] [INFO] Worker exiting (pid: 26000)
[2021-03-02 14:05:01 +0700] [26001] [INFO] Worker exiting (pid: 26001)
[2021-03-02 14:05:02 +0700] [25997] [INFO] Shutting down: Master
[2021-03-02 14:05:03 +0700] [31858] [INFO] Starting gunicorn 20.0.4
[2021-03-02 14:05:03 +0700] [31858] [INFO] Listening at: http://0.0.0.0:4852 (31858)
[2021-03-02 14:05:03 +0700] [31858] [INFO] Using worker: meinheld.gmeinheld.MeinheldWorker
[2021-03-02 14:05:03 +0700] [31861] [INFO] Booting worker with pid: 31861
[2021-03-02 14:05:03 +0700] [31862] [INFO] Booting worker with pid: 31862
[2021-03-23 21:25:35 +0700] [31858] [INFO] Handling signal: term
[2021-03-23 21:25:35 +0700] [31862] [INFO] Worker exiting (pid: 31862)
[2021-03-23 21:25:35 +0700] [31861] [INFO] Worker exiting (pid: 31861)
[2021-03-23 21:25:36 +0700] [31858] [INFO] Shutting down: Master
[2021-03-23 21:25:36 +0700] [29760] [INFO] Starting gunicorn 20.0.4
[2021-03-23 21:25:36 +0700] [29760] [INFO] Listening at: http://0.0.0.0:4852 (29760)
[2021-03-23 21:25:36 +0700] [29760] [INFO] Using worker: meinheld.gmeinheld.MeinheldWorker
[2021-03-23 21:25:36 +0700] [29763] [INFO] Booting worker with pid: 29763
[2021-03-23 21:25:36 +0700] [29764] [INFO] Booting worker with pid: 29764
[2021-04-05 13:09:13 +0700] [29760] [INFO] Handling signal: term
[2021-04-05 13:09:13 +0700] [29763] [INFO] Worker exiting (pid: 29763)
[2021-04-05 13:09:13 +0700] [29764] [INFO] Worker exiting (pid: 29764)
[2021-04-05 13:09:13 +0700] [29760] [INFO] Shutting down: Master
[2021-04-05 13:09:14 +0700] [18899] [INFO] Starting gunicorn 20.0.4
[2021-04-05 13:09:14 +0700] [18899] [INFO] Listening at: http://0.0.0.0:4852 (18899)
[2021-04-05 13:09:14 +0700] [18899] [INFO] Using worker: meinheld.gmeinheld.MeinheldWorker
[2021-04-05 13:09:14 +0700] [18902] [INFO] Booting worker with pid: 18902
[2021-04-05 13:09:14 +0700] [18903] [INFO] Booting worker with pid: 18903
[2021-04-07 15:00:24 +0700] [18899] [INFO] Handling signal: term
[2021-04-07 15:00:24 +0700] [18903] [INFO] Worker exiting (pid: 18903)
[2021-04-07 15:00:24 +0700] [18902] [INFO] Worker exiting (pid: 18902)
[2021-04-07 15:00:25 +0700] [18899] [INFO] Shutting down: Master
[2021-04-07 15:00:25 +0700] [21373] [INFO] Starting gunicorn 20.0.4
[2021-04-07 15:00:25 +0700] [21373] [INFO] Listening at: http://0.0.0.0:4852 (21373)
[2021-04-07 15:00:25 +0700] [21373] [INFO] Using worker: meinheld.gmeinheld.MeinheldWorker
[2021-04-07 15:00:25 +0700] [21376] [INFO] Booting worker with pid: 21376
[2021-04-07 15:00:25 +0700] [21377] [INFO] Booting worker with pid: 21377
[2021-05-31 19:31:51 +0700] [21373] [INFO] Handling signal: term
[2021-05-31 19:31:51 +0700] [21377] [INFO] Worker exiting (pid: 21377)
[2021-05-31 19:31:51 +0700] [21376] [INFO] Worker exiting (pid: 21376)
[2021-05-31 19:31:52 +0700] [21373] [INFO] Shutting down: Master
[2021-05-31 19:31:52 +0700] [4966] [INFO] Starting gunicorn 20.0.4
[2021-05-31 19:31:52 +0700] [4966] [INFO] Listening at: http://0.0.0.0:4852 (4966)
[2021-05-31 19:31:52 +0700] [4966] [INFO] Using worker: meinheld.gmeinheld.MeinheldWorker
[2021-05-31 19:31:52 +0700] [4969] [INFO] Booting worker with pid: 4969
[2021-05-31 19:31:52 +0700] [4970] [INFO] Booting worker with pid: 4970
[2021-06-03 14:59:45 +0700] [4966] [INFO] Handling signal: term
[2021-06-03 14:59:45 +0700] [4970] [INFO] Worker exiting (pid: 4970)
[2021-06-03 14:59:45 +0700] [4969] [INFO] Worker exiting (pid: 4969)
[2021-06-03 14:59:46 +0700] [4966] [INFO] Shutting down: Master
[2021-06-03 14:59:48 +0700] [16855] [INFO] Starting gunicorn 20.0.4
[2021-06-03 14:59:48 +0700] [16855] [INFO] Listening at: http://0.0.0.0:4852 (16855)
[2021-06-03 14:59:48 +0700] [16855] [INFO] Using worker: meinheld.gmeinheld.MeinheldWorker
[2021-06-03 14:59:48 +0700] [16861] [INFO] Booting worker with pid: 16861
[2021-06-03 14:59:48 +0700] [16862] [INFO] Booting worker with pid: 16862
[2021-06-08 14:30:05 +0700] [16855] [INFO] Handling signal: term
[2021-06-08 14:30:05 +0700] [16861] [INFO] Worker exiting (pid: 16861)
[2021-06-08 14:30:05 +0700] [16862] [INFO] Worker exiting (pid: 16862)
[2021-06-08 14:30:06 +0700] [16855] [INFO] Shutting down: Master
[2021-06-08 14:30:06 +0700] [29381] [INFO] Starting gunicorn 20.0.4
[2021-06-08 14:30:06 +0700] [29381] [INFO] Listening at: http://0.0.0.0:4852 (29381)
[2021-06-08 14:30:06 +0700] [29381] [INFO] Using worker: meinheld.gmeinheld.MeinheldWorker
[2021-06-08 14:30:06 +0700] [29384] [INFO] Booting worker with pid: 29384
[2021-06-08 14:30:06 +0700] [29385] [INFO] Booting worker with pid: 29385
[2021-06-09 14:13:19 +0700] [29381] [INFO] Handling signal: term
[2021-06-09 14:13:19 +0700] [29384] [INFO] Worker exiting (pid: 29384)
[2021-06-09 14:13:19 +0700] [29385] [INFO] Worker exiting (pid: 29385)
[2021-06-09 14:13:19 +0700] [29381] [INFO] Shutting down: Master
[2021-06-09 14:13:20 +0700] [17125] [INFO] Starting gunicorn 20.0.4
[2021-06-09 14:13:20 +0700] [17125] [INFO] Listening at: http://0.0.0.0:4852 (17125)
[2021-06-09 14:13:20 +0700] [17125] [INFO] Using worker: meinheld.gmeinheld.MeinheldWorker
[2021-06-09 14:13:20 +0700] [17128] [INFO] Booting worker with pid: 17128
[2021-06-09 14:13:20 +0700] [17129] [INFO] Booting worker with pid: 17129
[2021-06-17 19:58:01 +0700] [17125] [INFO] Handling signal: term
[2021-06-17 19:58:01 +0700] [17129] [INFO] Worker exiting (pid: 17129)
[2021-06-17 19:58:01 +0700] [17128] [INFO] Worker exiting (pid: 17128)
[2021-06-17 19:58:01 +0700] [17125] [INFO] Shutting down: Master
[2021-06-17 19:58:02 +0700] [12266] [INFO] Starting gunicorn 20.0.4
[2021-06-17 19:58:02 +0700] [12266] [INFO] Listening at: http://0.0.0.0:4852 (12266)
[2021-06-17 19:58:02 +0700] [12266] [INFO] Using worker: meinheld.gmeinheld.MeinheldWorker
[2021-06-17 19:58:02 +0700] [12269] [INFO] Booting worker with pid: 12269
[2021-06-17 19:58:02 +0700] [12270] [INFO] Booting worker with pid: 12270
[2021-06-30 13:07:04 +0700] [12266] [INFO] Handling signal: term
[2021-06-30 13:07:04 +0700] [12269] [INFO] Worker exiting (pid: 12269)
[2021-06-30 13:07:04 +0700] [12270] [INFO] Worker exiting (pid: 12270)
[2021-06-30 13:07:05 +0700] [12266] [INFO] Shutting down: Master
[2021-06-30 13:07:05 +0700] [12879] [INFO] Starting gunicorn 20.0.4
[2021-06-30 13:07:05 +0700] [12879] [INFO] Listening at: http://0.0.0.0:4852 (12879)
[2021-06-30 13:07:05 +0700] [12879] [INFO] Using worker: meinheld.gmeinheld.MeinheldWorker
[2021-06-30 13:07:05 +0700] [12882] [INFO] Booting worker with pid: 12882
[2021-06-30 13:07:05 +0700] [12883] [INFO] Booting worker with pid: 12883
[2021-08-24 11:37:38 +0700] [12879] [INFO] Handling signal: term
[2021-08-24 11:37:38 +0700] [12882] [INFO] Worker exiting (pid: 12882)
[2021-08-24 11:37:38 +0700] [12883] [INFO] Worker exiting (pid: 12883)
[2021-08-24 11:37:39 +0700] [12879] [INFO] Shutting down: Master
[2021-08-24 11:37:39 +0700] [25508] [INFO] Starting gunicorn 20.0.4
[2021-08-24 11:37:39 +0700] [25508] [INFO] Listening at: http://0.0.0.0:4852 (25508)
[2021-08-24 11:37:39 +0700] [25508] [INFO] Using worker: meinheld.gmeinheld.MeinheldWorker
[2021-08-24 11:37:39 +0700] [25511] [INFO] Booting worker with pid: 25511
[2021-08-24 11:37:39 +0700] [25512] [INFO] Booting worker with pid: 25512
[2021-08-24 11:38:43 +0700] [25508] [INFO] Handling signal: term
[2021-08-24 11:38:43 +0700] [25511] [INFO] Worker exiting (pid: 25511)
[2021-08-24 11:38:43 +0700] [25512] [INFO] Worker exiting (pid: 25512)
[2021-08-24 11:38:44 +0700] [25508] [INFO] Shutting down: Master
[2021-08-24 11:38:44 +0700] [25530] [INFO] Starting gunicorn 20.0.4
[2021-08-24 11:38:44 +0700] [25530] [INFO] Listening at: http://0.0.0.0:4852 (25530)
[2021-08-24 11:38:44 +0700] [25530] [INFO] Using worker: meinheld.gmeinheld.MeinheldWorker
[2021-08-24 11:38:44 +0700] [25533] [INFO] Booting worker with pid: 25533
[2021-08-24 11:38:44 +0700] [25534] [INFO] Booting worker with pid: 25534
[2021-08-26 08:48:52 +0700] [25530] [INFO] Handling signal: term
[2021-08-26 08:48:52 +0700] [25534] [INFO] Worker exiting (pid: 25534)
[2021-08-26 08:48:52 +0700] [25533] [INFO] Worker exiting (pid: 25533)
[2021-08-26 08:48:53 +0700] [25530] [INFO] Shutting down: Master
[2021-08-26 08:48:54 +0700] [1961] [INFO] Starting gunicorn 20.0.4
[2021-08-26 08:48:54 +0700] [1961] [INFO] Listening at: http://0.0.0.0:4852 (1961)
[2021-08-26 08:48:54 +0700] [1961] [INFO] Using worker: meinheld.gmeinheld.MeinheldWorker
[2021-08-26 08:48:54 +0700] [1964] [INFO] Booting worker with pid: 1964
[2021-08-26 08:48:54 +0700] [1966] [INFO] Booting worker with pid: 1966
[2021-09-15 11:39:55 +0700] [1961] [INFO] Handling signal: term
[2021-09-15 11:39:55 +0700] [1966] [INFO] Worker exiting (pid: 1966)
[2021-09-15 11:39:55 +0700] [1964] [INFO] Worker exiting (pid: 1964)
[2021-09-15 11:39:55 +0700] [1961] [INFO] Shutting down: Master
[2021-09-15 11:39:55 +0700] [5787] [INFO] Starting gunicorn 20.0.4
[2021-09-15 11:39:55 +0700] [5787] [INFO] Listening at: http://0.0.0.0:4852 (5787)
[2021-09-15 11:39:55 +0700] [5787] [INFO] Using worker: meinheld.gmeinheld.MeinheldWorker
[2021-09-15 11:39:55 +0700] [5790] [INFO] Booting worker with pid: 5790
[2021-09-15 11:39:55 +0700] [5791] [INFO] Booting worker with pid: 5791
[2021-09-19 11:36:13 +0700] [5787] [INFO] Handling signal: term
[2021-09-19 11:36:13 +0700] [5791] [INFO] Worker exiting (pid: 5791)
[2021-09-19 11:36:13 +0700] [5790] [INFO] Worker exiting (pid: 5790)
[2021-09-19 11:36:14 +0700] [5787] [INFO] Shutting down: Master
[2021-09-19 11:36:14 +0700] [6965] [INFO] Starting gunicorn 20.0.4
[2021-09-19 11:36:14 +0700] [6965] [INFO] Listening at: http://0.0.0.0:4852 (6965)
[2021-09-19 11:36:14 +0700] [6965] [INFO] Using worker: meinheld.gmeinheld.MeinheldWorker
[2021-09-19 11:36:14 +0700] [6968] [INFO] Booting worker with pid: 6968
[2021-09-19 11:36:14 +0700] [6969] [INFO] Booting worker with pid: 6969
[2021-09-19 20:48:27 +0700] [6965] [INFO] Handling signal: term
[2021-09-19 20:48:27 +0700] [6969] [INFO] Worker exiting (pid: 6969)
[2021-09-19 20:48:27 +0700] [6968] [INFO] Worker exiting (pid: 6968)
[2021-09-19 20:48:27 +0700] [6965] [INFO] Shutting down: Master
[2021-09-19 20:48:28 +0700] [16885] [INFO] Starting gunicorn 20.0.4
[2021-09-19 20:48:28 +0700] [16885] [INFO] Listening at: http://0.0.0.0:4852 (16885)
[2021-09-19 20:48:28 +0700] [16885] [INFO] Using worker: meinheld.gmeinheld.MeinheldWorker
[2021-09-19 20:48:28 +0700] [16889] [INFO] Booting worker with pid: 16889
[2021-09-19 20:48:28 +0700] [16890] [INFO] Booting worker with pid: 16890
[2021-09-19 20:50:43 +0700] [16885] [INFO] Handling signal: term
[2021-09-19 20:50:43 +0700] [16890] [INFO] Worker exiting (pid: 16890)
[2021-09-19 20:50:43 +0700] [16889] [INFO] Worker exiting (pid: 16889)
[2021-09-19 20:50:44 +0700] [16885] [INFO] Shutting down: Master
[2021-09-19 20:50:44 +0700] [17025] [INFO] Starting gunicorn 20.0.4
[2021-09-19 20:50:44 +0700] [17025] [INFO] Listening at: http://0.0.0.0:4852 (17025)
[2021-09-19 20:50:44 +0700] [17025] [INFO] Using worker: meinheld.gmeinheld.MeinheldWorker
[2021-09-19 20:50:44 +0700] [17028] [INFO] Booting worker with pid: 17028
[2021-09-19 20:50:44 +0700] [17029] [INFO] Booting worker with pid: 17029
[2021-09-19 21:00:03 +0700] [17025] [INFO] Handling signal: term
[2021-09-19 21:00:03 +0700] [17028] [INFO] Worker exiting (pid: 17028)
[2021-09-19 21:00:03 +0700] [17029] [INFO] Worker exiting (pid: 17029)
[2021-09-19 21:00:03 +0700] [17025] [INFO] Shutting down: Master
[2021-09-19 21:00:04 +0700] [17190] [INFO] Starting gunicorn 20.0.4
[2021-09-19 21:00:04 +0700] [17190] [INFO] Listening at: http://0.0.0.0:4852 (17190)
[2021-09-19 21:00:04 +0700] [17190] [INFO] Using worker: meinheld.gmeinheld.MeinheldWorker
[2021-09-19 21:00:04 +0700] [17193] [INFO] Booting worker with pid: 17193
[2021-09-19 21:00:04 +0700] [17194] [INFO] Booting worker with pid: 17194
[2021-09-21 08:34:07 +0700] [17190] [INFO] Handling signal: term
[2021-09-21 08:34:07 +0700] [17194] [INFO] Worker exiting (pid: 17194)
[2021-09-21 08:34:07 +0700] [17193] [INFO] Worker exiting (pid: 17193)
[2021-09-21 08:34:07 +0700] [17190] [INFO] Shutting down: Master
[2021-09-21 08:34:08 +0700] [3521] [INFO] Starting gunicorn 20.0.4
[2021-09-21 08:34:08 +0700] [3521] [INFO] Listening at: http://0.0.0.0:4852 (3521)
[2021-09-21 08:34:08 +0700] [3521] [INFO] Using worker: meinheld.gmeinheld.MeinheldWorker
[2021-09-21 08:34:08 +0700] [3524] [INFO] Booting worker with pid: 3524
[2021-09-21 08:34:08 +0700] [3525] [INFO] Booting worker with pid: 3525
